<?xml version="1.0" encoding="UTF-8"?>
<!-- Generated by org.testng.reporters.JUnitReportReporter -->
<testsuite hostname="DESKTOP-K1KU20A" failures="0" tests="2" name="test.Base" time="3.088" errors="2" timestamp="2021-07-08T21:46:27 EDT" skipped="0">
  <testcase classname="test.Base" name="beforeTest" time="1.509">
    <error message="session not created: This version of ChromeDriver only supports Chrome version 88
Current browser version is 91.0.4472.124 with binary path C:\Program Files\Google\Chrome\Application\chrome.exe
Build info: version: &#039;3.141.59&#039;, revision: &#039;e82be7d358&#039;, time: &#039;2018-11-14T08:17:03&#039;
System info: host: &#039;DESKTOP-K1KU20A&#039;, ip: &#039;192.168.0.7&#039;, os.name: &#039;Windows 10&#039;, os.arch: &#039;amd64&#039;, os.version: &#039;10.0&#039;, java.version: &#039;11.0.11&#039;
Driver info: driver.version: ChromeDriver
remote stacktrace: Backtrace:
	GetHandleVerifier [0x009EB963+483]
	GetHandleVerifier [0x009EB941+449]
	GetHandleVerifier [0x00D93308+3832712]
	GetHandleVerifier [0x00DAD69A+3940122]
	GetHandleVerifier [0x00DA9AFB+3924859]
	GetHandleVerifier [0x00DA7D9C+3917340]
	GetHandleVerifier [0x00DCE7FE+4075646]
	GetHandleVerifier [0x00DCE56C+4074988]
	GetHandleVerifier [0x00DCB2EB+4062059]
	GetHandleVerifier [0x00DAED14+3945876]
	GetHandleVerifier [0x00DAFBCE+3949646]
	GetHandleVerifier [0x00DAFB59+3949529]
	Ordinal0 [0x009AB5CC+46540]
	Ordinal0 [0x009A9F53+40787]
	Ordinal0 [0x009A9B12+39698]
	GetHandleVerifier [0x00CB1468+2907368]
	GetHandleVerifier [0x00AF71EE+1096302]
	GetHandleVerifier [0x00AB3E8D+821005]
	GetHandleVerifier [0x00AB396B+819691]
	GetHandleVerifier [0x00AB3881+819457]
	GetHandleVerifier [0x00ADF463+998627]
	BaseThreadInitThunk [0x7674FA29+25]
	RtlGetAppContainerNamedObjectPath [0x776A7A9E+286]
	RtlGetAppContainerNamedObjectPath [0x776A7A6E+238]
" type="org.openqa.selenium.SessionNotCreatedException">
      <![CDATA[org.openqa.selenium.SessionNotCreatedException: session not created: This version of ChromeDriver only supports Chrome version 88
Current browser version is 91.0.4472.124 with binary path C:\Program Files\Google\Chrome\Application\chrome.exe
Build info: version: '3.141.59', revision: 'e82be7d358', time: '2018-11-14T08:17:03'
System info: host: 'DESKTOP-K1KU20A', ip: '192.168.0.7', os.name: 'Windows 10', os.arch: 'amd64', os.version: '10.0', java.version: '11.0.11'
Driver info: driver.version: ChromeDriver
remote stacktrace: Backtrace:
GetHandleVerifier [0x009EB963+483]
GetHandleVerifier [0x009EB941+449]
GetHandleVerifier [0x00D93308+3832712]
GetHandleVerifier [0x00DAD69A+3940122]
GetHandleVerifier [0x00DA9AFB+3924859]
GetHandleVerifier [0x00DA7D9C+3917340]
GetHandleVerifier [0x00DCE7FE+4075646]
GetHandleVerifier [0x00DCE56C+4074988]
GetHandleVerifier [0x00DCB2EB+4062059]
GetHandleVerifier [0x00DAED14+3945876]
GetHandleVerifier [0x00DAFBCE+3949646]
GetHandleVerifier [0x00DAFB59+3949529]
Ordinal0 [0x009AB5CC+46540]
Ordinal0 [0x009A9F53+40787]
Ordinal0 [0x009A9B12+39698]
GetHandleVerifier [0x00CB1468+2907368]
GetHandleVerifier [0x00AF71EE+1096302]
GetHandleVerifier [0x00AB3E8D+821005]
GetHandleVerifier [0x00AB396B+819691]
GetHandleVerifier [0x00AB3881+819457]
GetHandleVerifier [0x00ADF463+998627]
BaseThreadInitThunk [0x7674FA29+25]
RtlGetAppContainerNamedObjectPath [0x776A7A9E+286]
RtlGetAppContainerNamedObjectPath [0x776A7A6E+238]

at java.base/jdk.internal.reflect.NativeConstructorAccessorImpl.newInstance0(Native Method)
at java.base/jdk.internal.reflect.NativeConstructorAccessorImpl.newInstance(NativeConstructorAccessorImpl.java:62)
at java.base/jdk.internal.reflect.DelegatingConstructorAccessorImpl.newInstance(DelegatingConstructorAccessorImpl.java:45)
at java.base/java.lang.reflect.Constructor.newInstance(Constructor.java:490)
at org.openqa.selenium.remote.W3CHandshakeResponse.lambda$errorHandler$0(W3CHandshakeResponse.java:62)
at org.openqa.selenium.remote.HandshakeResponse.lambda$getResponseFunction$0(HandshakeResponse.java:30)
at org.openqa.selenium.remote.ProtocolHandshake.lambda$createSession$0(ProtocolHandshake.java:126)
at java.base/java.util.stream.ReferencePipeline$3$1.accept(ReferencePipeline.java:195)
at java.base/java.util.Spliterators$ArraySpliterator.tryAdvance(Spliterators.java:958)
at java.base/java.util.stream.ReferencePipeline.forEachWithCancel(ReferencePipeline.java:127)
at java.base/java.util.stream.AbstractPipeline.copyIntoWithCancel(AbstractPipeline.java:502)
at java.base/java.util.stream.AbstractPipeline.copyInto(AbstractPipeline.java:488)
at java.base/java.util.stream.AbstractPipeline.wrapAndCopyInto(AbstractPipeline.java:474)
at java.base/java.util.stream.FindOps$FindOp.evaluateSequential(FindOps.java:150)
at java.base/java.util.stream.AbstractPipeline.evaluate(AbstractPipeline.java:234)
at java.base/java.util.stream.ReferencePipeline.findFirst(ReferencePipeline.java:543)
at org.openqa.selenium.remote.ProtocolHandshake.createSession(ProtocolHandshake.java:128)
at org.openqa.selenium.remote.ProtocolHandshake.createSession(ProtocolHandshake.java:74)
at org.openqa.selenium.remote.HttpCommandExecutor.execute(HttpCommandExecutor.java:136)
at org.openqa.selenium.remote.service.DriverCommandExecutor.execute(DriverCommandExecutor.java:83)
at org.openqa.selenium.remote.RemoteWebDriver.execute(RemoteWebDriver.java:552)
at org.openqa.selenium.remote.RemoteWebDriver.startSession(RemoteWebDriver.java:213)
at org.openqa.selenium.remote.RemoteWebDriver.<init>(RemoteWebDriver.java:131)
at org.openqa.selenium.chrome.ChromeDriver.<init>(ChromeDriver.java:181)
at org.openqa.selenium.chrome.ChromeDriver.<init>(ChromeDriver.java:168)
at org.openqa.selenium.chrome.ChromeDriver.<init>(ChromeDriver.java:123)
at utils.Common.Setupbrowser(Common.java:17)
at test.Base.beforeTest(Base.java:23)
at java.base/jdk.internal.reflect.NativeMethodAccessorImpl.invoke0(Native Method)
at java.base/jdk.internal.reflect.NativeMethodAccessorImpl.invoke(NativeMethodAccessorImpl.java:62)
at java.base/jdk.internal.reflect.DelegatingMethodAccessorImpl.invoke(DelegatingMethodAccessorImpl.java:43)
at java.base/java.lang.reflect.Method.invoke(Method.java:566)
at org.testng.internal.MethodInvocationHelper.invokeMethod(MethodInvocationHelper.java:133)
at org.testng.internal.MethodInvocationHelper.invokeMethodConsideringTimeout(MethodInvocationHelper.java:62)
at org.testng.internal.ConfigInvoker.invokeConfigurationMethod(ConfigInvoker.java:385)
at org.testng.internal.ConfigInvoker.invokeConfigurations(ConfigInvoker.java:321)
at org.testng.TestRunner.invokeTestConfigurations(TestRunner.java:637)
at org.testng.TestRunner.beforeRun(TestRunner.java:627)
at org.testng.TestRunner.run(TestRunner.java:589)
at org.testng.SuiteRunner.runTest(SuiteRunner.java:377)
at org.testng.SuiteRunner.access$000(SuiteRunner.java:28)
at org.testng.SuiteRunner$SuiteWorker.run(SuiteRunner.java:418)
at org.testng.internal.thread.ThreadUtil.lambda$execute$0(ThreadUtil.java:64)
at java.base/java.util.concurrent.FutureTask.run(FutureTask.java:264)
at java.base/java.util.concurrent.ThreadPoolExecutor.runWorker(ThreadPoolExecutor.java:1128)
at java.base/java.util.concurrent.ThreadPoolExecutor$Worker.run(ThreadPoolExecutor.java:628)
at java.base/java.lang.Thread.run(Thread.java:834)
]]>
    </error>
  </testcase> <!-- beforeTest -->
  <system-out/>
  <testcase classname="test.Base" name="beforeTest" time="1.579">
    <error message="session not created: This version of ChromeDriver only supports Chrome version 88
Current browser version is 91.0.4472.124 with binary path C:\Program Files\Google\Chrome\Application\chrome.exe
Build info: version: &#039;3.141.59&#039;, revision: &#039;e82be7d358&#039;, time: &#039;2018-11-14T08:17:03&#039;
System info: host: &#039;DESKTOP-K1KU20A&#039;, ip: &#039;192.168.0.7&#039;, os.name: &#039;Windows 10&#039;, os.arch: &#039;amd64&#039;, os.version: &#039;10.0&#039;, java.version: &#039;11.0.11&#039;
Driver info: driver.version: ChromeDriver
remote stacktrace: Backtrace:
	GetHandleVerifier [0x009EB963+483]
	GetHandleVerifier [0x009EB941+449]
	GetHandleVerifier [0x00D93308+3832712]
	GetHandleVerifier [0x00DAD69A+3940122]
	GetHandleVerifier [0x00DA9AFB+3924859]
	GetHandleVerifier [0x00DA7D9C+3917340]
	GetHandleVerifier [0x00DCE7FE+4075646]
	GetHandleVerifier [0x00DCE56C+4074988]
	GetHandleVerifier [0x00DCB2EB+4062059]
	GetHandleVerifier [0x00DAED14+3945876]
	GetHandleVerifier [0x00DAFBCE+3949646]
	GetHandleVerifier [0x00DAFB59+3949529]
	Ordinal0 [0x009AB5CC+46540]
	Ordinal0 [0x009A9F53+40787]
	Ordinal0 [0x009A9B12+39698]
	GetHandleVerifier [0x00CB1468+2907368]
	GetHandleVerifier [0x00AF71EE+1096302]
	GetHandleVerifier [0x00AB3E8D+821005]
	GetHandleVerifier [0x00AB396B+819691]
	GetHandleVerifier [0x00AB3881+819457]
	GetHandleVerifier [0x00ADF463+998627]
	BaseThreadInitThunk [0x7674FA29+25]
	RtlGetAppContainerNamedObjectPath [0x776A7A9E+286]
	RtlGetAppContainerNamedObjectPath [0x776A7A6E+238]
" type="org.openqa.selenium.SessionNotCreatedException">
      <![CDATA[org.openqa.selenium.SessionNotCreatedException: session not created: This version of ChromeDriver only supports Chrome version 88
Current browser version is 91.0.4472.124 with binary path C:\Program Files\Google\Chrome\Application\chrome.exe
Build info: version: '3.141.59', revision: 'e82be7d358', time: '2018-11-14T08:17:03'
System info: host: 'DESKTOP-K1KU20A', ip: '192.168.0.7', os.name: 'Windows 10', os.arch: 'amd64', os.version: '10.0', java.version: '11.0.11'
Driver info: driver.version: ChromeDriver
remote stacktrace: Backtrace:
GetHandleVerifier [0x009EB963+483]
GetHandleVerifier [0x009EB941+449]
GetHandleVerifier [0x00D93308+3832712]
GetHandleVerifier [0x00DAD69A+3940122]
GetHandleVerifier [0x00DA9AFB+3924859]
GetHandleVerifier [0x00DA7D9C+3917340]
GetHandleVerifier [0x00DCE7FE+4075646]
GetHandleVerifier [0x00DCE56C+4074988]
GetHandleVerifier [0x00DCB2EB+4062059]
GetHandleVerifier [0x00DAED14+3945876]
GetHandleVerifier [0x00DAFBCE+3949646]
GetHandleVerifier [0x00DAFB59+3949529]
Ordinal0 [0x009AB5CC+46540]
Ordinal0 [0x009A9F53+40787]
Ordinal0 [0x009A9B12+39698]
GetHandleVerifier [0x00CB1468+2907368]
GetHandleVerifier [0x00AF71EE+1096302]
GetHandleVerifier [0x00AB3E8D+821005]
GetHandleVerifier [0x00AB396B+819691]
GetHandleVerifier [0x00AB3881+819457]
GetHandleVerifier [0x00ADF463+998627]
BaseThreadInitThunk [0x7674FA29+25]
RtlGetAppContainerNamedObjectPath [0x776A7A9E+286]
RtlGetAppContainerNamedObjectPath [0x776A7A6E+238]

at java.base/jdk.internal.reflect.NativeConstructorAccessorImpl.newInstance0(Native Method)
at java.base/jdk.internal.reflect.NativeConstructorAccessorImpl.newInstance(NativeConstructorAccessorImpl.java:62)
at java.base/jdk.internal.reflect.DelegatingConstructorAccessorImpl.newInstance(DelegatingConstructorAccessorImpl.java:45)
at java.base/java.lang.reflect.Constructor.newInstance(Constructor.java:490)
at org.openqa.selenium.remote.W3CHandshakeResponse.lambda$errorHandler$0(W3CHandshakeResponse.java:62)
at org.openqa.selenium.remote.HandshakeResponse.lambda$getResponseFunction$0(HandshakeResponse.java:30)
at org.openqa.selenium.remote.ProtocolHandshake.lambda$createSession$0(ProtocolHandshake.java:126)
at java.base/java.util.stream.ReferencePipeline$3$1.accept(ReferencePipeline.java:195)
at java.base/java.util.Spliterators$ArraySpliterator.tryAdvance(Spliterators.java:958)
at java.base/java.util.stream.ReferencePipeline.forEachWithCancel(ReferencePipeline.java:127)
at java.base/java.util.stream.AbstractPipeline.copyIntoWithCancel(AbstractPipeline.java:502)
at java.base/java.util.stream.AbstractPipeline.copyInto(AbstractPipeline.java:488)
at java.base/java.util.stream.AbstractPipeline.wrapAndCopyInto(AbstractPipeline.java:474)
at java.base/java.util.stream.FindOps$FindOp.evaluateSequential(FindOps.java:150)
at java.base/java.util.stream.AbstractPipeline.evaluate(AbstractPipeline.java:234)
at java.base/java.util.stream.ReferencePipeline.findFirst(ReferencePipeline.java:543)
at org.openqa.selenium.remote.ProtocolHandshake.createSession(ProtocolHandshake.java:128)
at org.openqa.selenium.remote.ProtocolHandshake.createSession(ProtocolHandshake.java:74)
at org.openqa.selenium.remote.HttpCommandExecutor.execute(HttpCommandExecutor.java:136)
at org.openqa.selenium.remote.service.DriverCommandExecutor.execute(DriverCommandExecutor.java:83)
at org.openqa.selenium.remote.RemoteWebDriver.execute(RemoteWebDriver.java:552)
at org.openqa.selenium.remote.RemoteWebDriver.startSession(RemoteWebDriver.java:213)
at org.openqa.selenium.remote.RemoteWebDriver.<init>(RemoteWebDriver.java:131)
at org.openqa.selenium.chrome.ChromeDriver.<init>(ChromeDriver.java:181)
at org.openqa.selenium.chrome.ChromeDriver.<init>(ChromeDriver.java:168)
at org.openqa.selenium.chrome.ChromeDriver.<init>(ChromeDriver.java:123)
at utils.Common.Setupbrowser(Common.java:17)
at test.Base.beforeTest(Base.java:23)
at java.base/jdk.internal.reflect.NativeMethodAccessorImpl.invoke0(Native Method)
at java.base/jdk.internal.reflect.NativeMethodAccessorImpl.invoke(NativeMethodAccessorImpl.java:62)
at java.base/jdk.internal.reflect.DelegatingMethodAccessorImpl.invoke(DelegatingMethodAccessorImpl.java:43)
at java.base/java.lang.reflect.Method.invoke(Method.java:566)
at org.testng.internal.MethodInvocationHelper.invokeMethod(MethodInvocationHelper.java:133)
at org.testng.internal.MethodInvocationHelper.invokeMethodConsideringTimeout(MethodInvocationHelper.java:62)
at org.testng.internal.ConfigInvoker.invokeConfigurationMethod(ConfigInvoker.java:385)
at org.testng.internal.ConfigInvoker.invokeConfigurations(ConfigInvoker.java:321)
at org.testng.TestRunner.invokeTestConfigurations(TestRunner.java:637)
at org.testng.TestRunner.beforeRun(TestRunner.java:627)
at org.testng.TestRunner.run(TestRunner.java:589)
at org.testng.SuiteRunner.runTest(SuiteRunner.java:377)
at org.testng.SuiteRunner.access$000(SuiteRunner.java:28)
at org.testng.SuiteRunner$SuiteWorker.run(SuiteRunner.java:418)
at org.testng.internal.thread.ThreadUtil.lambda$execute$0(ThreadUtil.java:64)
at java.base/java.util.concurrent.FutureTask.run(FutureTask.java:264)
at java.base/java.util.concurrent.ThreadPoolExecutor.runWorker(ThreadPoolExecutor.java:1128)
at java.base/java.util.concurrent.ThreadPoolExecutor$Worker.run(ThreadPoolExecutor.java:628)
at java.base/java.lang.Thread.run(Thread.java:834)
]]>
    </error>
  </testcase> <!-- beforeTest -->
  <system-out/>
</testsuite> <!-- test.Base -->
